<?xml version="1.0" encoding="UTF-8"?>
<coverage generated="1586229954884" clover="3.2.0">
  <project timestamp="1586229954884" name="All files">
    <metrics statements="11" coveredstatements="7" conditionals="2" coveredconditionals="1" methods="7" coveredmethods="4" elements="20" coveredelements="12" complexity="0" loc="11" ncloc="11" packages="1" files="2" classes="2"/>
    <file name="GameItem.vue" path="D:\vue\vue-course\gameshop\src\components\GameItem.vue">
      <metrics statements="10" coveredstatements="7" conditionals="2" coveredconditionals="1" methods="6" coveredmethods="4"/>
      <line num="38" count="1" type="stmt"/>
      <line num="39" count="1" type="stmt"/>
      <line num="40" count="1" type="stmt"/>
      <line num="80" count="1" type="stmt"/>
      <line num="93" count="1" type="stmt"/>
      <line num="99" count="1" type="stmt"/>
      <line num="102" count="1" type="stmt"/>
      <line num="113" count="0" type="stmt"/>
      <line num="114" count="0" type="stmt"/>
      <line num="117" count="0" type="stmt"/>
    </file>
    <file name="TheNavbar.vue" path="D:\vue\vue-course\gameshop\src\components\TheNavbar.vue">
      <metrics statements="1" coveredstatements="0" conditionals="0" coveredconditionals="0" methods="1" coveredmethods="0"/>
      <line num="29" count="0" type="stmt"/>
    </file>
  </project>
</coverage>
