TN:
SF:D:\vue\vue-course\gameshop\src\components\GameItem.vue
FN:79,(anonymous_1)
FN:92,(anonymous_2)
FN:98,(anonymous_3)
FN:101,(anonymous_4)
FN:112,(anonymous_5)
FN:116,(anonymous_6)
FNF:6
FNH:4
FNDA:1,(anonymous_1)
FNDA:1,(anonymous_2)
FNDA:1,(anonymous_3)
FNDA:1,(anonymous_4)
FNDA:0,(anonymous_5)
FNDA:0,(anonymous_6)
DA:38,1
DA:39,1
DA:40,1
DA:80,1
DA:93,1
DA:99,1
DA:102,1
DA:113,0
DA:114,0
DA:117,0
LF:10
LH:7
BRDA:103,0,0,1
BRDA:103,0,1,0
BRF:2
BRH:1
end_of_record
TN:
SF:D:\vue\vue-course\gameshop\src\components\TheNavbar.vue
FN:28,(anonymous_1)
FNF:1
FNH:0
FNDA:0,(anonymous_1)
DA:29,0
LF:1
LH:0
BRF:0
BRH:0
end_of_record
